Build started 12/06/2013 10:04:50 CH.
     1>Project "E:\Projects C#\Exercises\DemoMB\khh\khh\khh.vcxproj" on node 2 (build target(s)).
     1>InitializeBuildStatus:
         Creating "Debug\DemoVirus.unsuccessfulbuild" because "AlwaysCreate" was specified.
       GenerateTargetFrameworkMonikerAttribute:
       Skipping target "GenerateTargetFrameworkMonikerAttribute" because all output files are up-to-date with respect to the input files.
       ClCompile:
         All outputs are up-to-date.
         C:\Program Files (x86)\Microsoft Visual Studio 10.0\VC\bin\CL.exe /c /AI"C:\Program Files (x86)\Reference Assemblies\Microsoft\Framework\.NETFramework\v4.0" /Zi /clr /nologo /W3 /WX- /Od /Oy- /D WIN32 /D _DEBUG /D _UNICODE /D UNICODE /EHa /MDd /GS /fp:precise /Zc:wchar_t /Zc:forScope /Yu"StdAfx.h" /Fp"Debug\DemoVirus.pch" /Fo"Debug\\" /Fd"Debug\vc100.pdb" /TP /FU"C:\Program Files (x86)\Reference Assemblies\Microsoft\Framework\.NETFramework\v4.0\System.Core.dll" /FU"C:\Program Files (x86)\Reference Assemblies\Microsoft\Framework\.NETFramework\v4.0\System.Data.dll" /FU"C:\Program Files (x86)\Reference Assemblies\Microsoft\Framework\.NETFramework\v4.0\System.dll" /FU"C:\Program Files (x86)\Reference Assemblies\Microsoft\Framework\.NETFramework\v4.0\System.Xml.dll" /analyze- /errorReport:prompt DemoVirus.cpp /clr:nostdlib 
         DemoVirus.cpp
     1>DemoVirus.cpp(134): warning C4566: character represented by universal-character-name '\u1EC7' cannot be represented in the current code page (1258)
     1>DemoVirus.cpp(98): warning C4244: '=' : conversion from 'wchar_t' to 'char', possible loss of data
     1>DemoVirus.cpp(154): warning C4996: 'getch': The POSIX name for this item is deprecated. Instead, use the ISO C++ conformant name: _getch. See online help for details.
                 C:\Program Files (x86)\Microsoft Visual Studio 10.0\VC\include\conio.h(128) : see declaration of 'getch'
         All outputs are up-to-date.
       ResourceCompile:
         All outputs are up-to-date.
       Link:
         C:\Program Files (x86)\Microsoft Visual Studio 10.0\VC\bin\link.exe /ERRORREPORT:PROMPT /OUT:"E:\Projects C#\Exercises\DemoMB\khh\Debug\DemoVirus.exe" /INCREMENTAL /NOLOGO /MANIFEST /ManifestFile:"Debug\DemoVirus.exe.intermediate.manifest" /MANIFESTUAC:"level='asInvoker' uiAccess='false'" /DEBUG /PDB:"E:\Projects C#\Exercises\DemoMB\khh\Debug\DemoVirus.pdb" /ASSEMBLYDEBUG /TLBID:1 /DYNAMICBASE /FIXED:NO /NXCOMPAT /MACHINE:X86 Debug\app.res
         Debug\AssemblyInfo.obj
         Debug\DemoVirus.obj
         Debug\stdafx.obj
         "Debug\.NETFramework,Version=v4.0.AssemblyAttributes.obj"
         khh.vcxproj -> E:\Projects C#\Exercises\DemoMB\khh\Debug\DemoVirus.exe
       Manifest:
         C:\Program Files (x86)\Microsoft SDKs\Windows\v7.0A\bin\mt.exe /nologo /verbose /outputresource:"E:\Projects C#\Exercises\DemoMB\khh\Debug\DemoVirus.exe;#1" /manifest Debug\DemoVirus.exe.intermediate.manifest
       FinalizeBuildStatus:
         Deleting file "Debug\DemoVirus.unsuccessfulbuild".
         Touching "Debug\DemoVirus.lastbuildstate".
     1>Done Building Project "E:\Projects C#\Exercises\DemoMB\khh\khh\khh.vcxproj" (build target(s)).

Build succeeded.

Time Elapsed 00:00:01.97
