C:\USERS\MR.QUANG\DOCUMENTS\VISUAL STUDIO 2010\PROJECTS\KHH\DEBUG\KHH.EXE
C:\USERS\MR.QUANG\DOCUMENTS\VISUAL STUDIO 2010\PROJECTS\KHH\DEBUG\KHH.ILK
C:\USERS\MR.QUANG\DOCUMENTS\VISUAL STUDIO 2010\PROJECTS\KHH\DEBUG\KHH.PDB
C:\USERS\MR.QUANG\DOCUMENTS\VISUAL STUDIO 2010\PROJECTS\KHH\KHH\DEBUG\.NETFRAMEWORK,VERSION=V4.0.ASSEMBLYATTRIBUTES.OBJ
C:\USERS\MR.QUANG\DOCUMENTS\VISUAL STUDIO 2010\PROJECTS\KHH\KHH\DEBUG\APP.RES
C:\USERS\MR.QUANG\DOCUMENTS\VISUAL STUDIO 2010\PROJECTS\KHH\KHH\DEBUG\ASSEMBLYINFO.OBJ
C:\Users\mr.quang\Documents\Visual Studio 2010\Projects\khh\khh\Debug\cl.command.1.tlog
C:\Users\mr.quang\Documents\Visual Studio 2010\Projects\khh\khh\Debug\CL.read.1.tlog
C:\Users\mr.quang\Documents\Visual Studio 2010\Projects\khh\khh\Debug\CL.write.1.tlog
C:\USERS\MR.QUANG\DOCUMENTS\VISUAL STUDIO 2010\PROJECTS\KHH\KHH\DEBUG\KHH.EXE.INTERMEDIATE.MANIFEST
C:\USERS\MR.QUANG\DOCUMENTS\VISUAL STUDIO 2010\PROJECTS\KHH\KHH\DEBUG\KHH.OBJ
C:\USERS\MR.QUANG\DOCUMENTS\VISUAL STUDIO 2010\PROJECTS\KHH\KHH\DEBUG\KHH.PCH
C:\Users\mr.quang\Documents\Visual Studio 2010\Projects\khh\khh\Debug\khh.write.1.tlog
C:\Users\mr.quang\Documents\Visual Studio 2010\Projects\khh\khh\Debug\link.1056.read.1.tlog
C:\Users\mr.quang\Documents\Visual Studio 2010\Projects\khh\khh\Debug\link.1056.write.1.tlog
C:\Users\mr.quang\Documents\Visual Studio 2010\Projects\khh\khh\Debug\link.1056-cvtres.read.1.tlog
C:\Users\mr.quang\Documents\Visual Studio 2010\Projects\khh\khh\Debug\link.1056-cvtres.write.1.tlog
C:\Users\mr.quang\Documents\Visual Studio 2010\Projects\khh\khh\Debug\link.1108.read.1.tlog
C:\Users\mr.quang\Documents\Visual Studio 2010\Projects\khh\khh\Debug\link.1108.write.1.tlog
C:\Users\mr.quang\Documents\Visual Studio 2010\Projects\khh\khh\Debug\link.1108-cvtres.read.1.tlog
C:\Users\mr.quang\Documents\Visual Studio 2010\Projects\khh\khh\Debug\link.1108-cvtres.write.1.tlog
C:\Users\mr.quang\Documents\Visual Studio 2010\Projects\khh\khh\Debug\link.1372.read.1.tlog
C:\Users\mr.quang\Documents\Visual Studio 2010\Projects\khh\khh\Debug\link.1372.write.1.tlog
C:\Users\mr.quang\Documents\Visual Studio 2010\Projects\khh\khh\Debug\link.1372-cvtres.read.1.tlog
C:\Users\mr.quang\Documents\Visual Studio 2010\Projects\khh\khh\Debug\link.1372-cvtres.write.1.tlog
C:\Users\mr.quang\Documents\Visual Studio 2010\Projects\khh\khh\Debug\link.1428.read.1.tlog
C:\Users\mr.quang\Documents\Visual Studio 2010\Projects\khh\khh\Debug\link.1428.write.1.tlog
C:\Users\mr.quang\Documents\Visual Studio 2010\Projects\khh\khh\Debug\link.1428-cvtres.read.1.tlog
C:\Users\mr.quang\Documents\Visual Studio 2010\Projects\khh\khh\Debug\link.1428-cvtres.write.1.tlog
C:\Users\mr.quang\Documents\Visual Studio 2010\Projects\khh\khh\Debug\link.1476.read.1.tlog
C:\Users\mr.quang\Documents\Visual Studio 2010\Projects\khh\khh\Debug\link.1476.write.1.tlog
C:\Users\mr.quang\Documents\Visual Studio 2010\Projects\khh\khh\Debug\link.1476-cvtres.read.1.tlog
C:\Users\mr.quang\Documents\Visual Studio 2010\Projects\khh\khh\Debug\link.1476-cvtres.write.1.tlog
C:\Users\mr.quang\Documents\Visual Studio 2010\Projects\khh\khh\Debug\link.1488.read.1.tlog
C:\Users\mr.quang\Documents\Visual Studio 2010\Projects\khh\khh\Debug\link.1488.write.1.tlog
C:\Users\mr.quang\Documents\Visual Studio 2010\Projects\khh\khh\Debug\link.1488-cvtres.read.1.tlog
C:\Users\mr.quang\Documents\Visual Studio 2010\Projects\khh\khh\Debug\link.1488-cvtres.write.1.tlog
C:\Users\mr.quang\Documents\Visual Studio 2010\Projects\khh\khh\Debug\link.1532.read.1.tlog
C:\Users\mr.quang\Documents\Visual Studio 2010\Projects\khh\khh\Debug\link.1532.write.1.tlog
C:\Users\mr.quang\Documents\Visual Studio 2010\Projects\khh\khh\Debug\link.1532-cvtres.read.1.tlog
C:\Users\mr.quang\Documents\Visual Studio 2010\Projects\khh\khh\Debug\link.1532-cvtres.write.1.tlog
C:\Users\mr.quang\Documents\Visual Studio 2010\Projects\khh\khh\Debug\link.1632.read.1.tlog
C:\Users\mr.quang\Documents\Visual Studio 2010\Projects\khh\khh\Debug\link.1632.write.1.tlog
C:\Users\mr.quang\Documents\Visual Studio 2010\Projects\khh\khh\Debug\link.1632-cvtres.read.1.tlog
C:\Users\mr.quang\Documents\Visual Studio 2010\Projects\khh\khh\Debug\link.1632-cvtres.write.1.tlog
C:\Users\mr.quang\Documents\Visual Studio 2010\Projects\khh\khh\Debug\link.1852.read.1.tlog
C:\Users\mr.quang\Documents\Visual Studio 2010\Projects\khh\khh\Debug\link.1852.write.1.tlog
C:\Users\mr.quang\Documents\Visual Studio 2010\Projects\khh\khh\Debug\link.1852-cvtres.read.1.tlog
C:\Users\mr.quang\Documents\Visual Studio 2010\Projects\khh\khh\Debug\link.1852-cvtres.write.1.tlog
C:\Users\mr.quang\Documents\Visual Studio 2010\Projects\khh\khh\Debug\link.1936.read.1.tlog
C:\Users\mr.quang\Documents\Visual Studio 2010\Projects\khh\khh\Debug\link.1936.write.1.tlog
C:\Users\mr.quang\Documents\Visual Studio 2010\Projects\khh\khh\Debug\link.1936-cvtres.read.1.tlog
C:\Users\mr.quang\Documents\Visual Studio 2010\Projects\khh\khh\Debug\link.1936-cvtres.write.1.tlog
C:\Users\mr.quang\Documents\Visual Studio 2010\Projects\khh\khh\Debug\link.2212.read.1.tlog
C:\Users\mr.quang\Documents\Visual Studio 2010\Projects\khh\khh\Debug\link.2212.write.1.tlog
C:\Users\mr.quang\Documents\Visual Studio 2010\Projects\khh\khh\Debug\link.2212-cvtres.read.1.tlog
C:\Users\mr.quang\Documents\Visual Studio 2010\Projects\khh\khh\Debug\link.2212-cvtres.write.1.tlog
C:\Users\mr.quang\Documents\Visual Studio 2010\Projects\khh\khh\Debug\link.2372.read.1.tlog
C:\Users\mr.quang\Documents\Visual Studio 2010\Projects\khh\khh\Debug\link.2372.write.1.tlog
C:\Users\mr.quang\Documents\Visual Studio 2010\Projects\khh\khh\Debug\link.2372-cvtres.read.1.tlog
C:\Users\mr.quang\Documents\Visual Studio 2010\Projects\khh\khh\Debug\link.2372-cvtres.write.1.tlog
C:\Users\mr.quang\Documents\Visual Studio 2010\Projects\khh\khh\Debug\link.2384.read.1.tlog
C:\Users\mr.quang\Documents\Visual Studio 2010\Projects\khh\khh\Debug\link.2384.write.1.tlog
C:\Users\mr.quang\Documents\Visual Studio 2010\Projects\khh\khh\Debug\link.2384-cvtres.read.1.tlog
C:\Users\mr.quang\Documents\Visual Studio 2010\Projects\khh\khh\Debug\link.2384-cvtres.write.1.tlog
C:\Users\mr.quang\Documents\Visual Studio 2010\Projects\khh\khh\Debug\link.2388.read.1.tlog
C:\Users\mr.quang\Documents\Visual Studio 2010\Projects\khh\khh\Debug\link.2388.write.1.tlog
C:\Users\mr.quang\Documents\Visual Studio 2010\Projects\khh\khh\Debug\link.2388-cvtres.read.1.tlog
C:\Users\mr.quang\Documents\Visual Studio 2010\Projects\khh\khh\Debug\link.2388-cvtres.write.1.tlog
C:\Users\mr.quang\Documents\Visual Studio 2010\Projects\khh\khh\Debug\link.2424.read.1.tlog
C:\Users\mr.quang\Documents\Visual Studio 2010\Projects\khh\khh\Debug\link.2424.write.1.tlog
C:\Users\mr.quang\Documents\Visual Studio 2010\Projects\khh\khh\Debug\link.2424-cvtres.read.1.tlog
C:\Users\mr.quang\Documents\Visual Studio 2010\Projects\khh\khh\Debug\link.2424-cvtres.write.1.tlog
C:\Users\mr.quang\Documents\Visual Studio 2010\Projects\khh\khh\Debug\link.2492.read.1.tlog
C:\Users\mr.quang\Documents\Visual Studio 2010\Projects\khh\khh\Debug\link.2492.write.1.tlog
C:\Users\mr.quang\Documents\Visual Studio 2010\Projects\khh\khh\Debug\link.2492-cvtres.read.1.tlog
C:\Users\mr.quang\Documents\Visual Studio 2010\Projects\khh\khh\Debug\link.2492-cvtres.write.1.tlog
C:\Users\mr.quang\Documents\Visual Studio 2010\Projects\khh\khh\Debug\link.2712.read.1.tlog
C:\Users\mr.quang\Documents\Visual Studio 2010\Projects\khh\khh\Debug\link.2712.write.1.tlog
C:\Users\mr.quang\Documents\Visual Studio 2010\Projects\khh\khh\Debug\link.2712-cvtres.read.1.tlog
C:\Users\mr.quang\Documents\Visual Studio 2010\Projects\khh\khh\Debug\link.2712-cvtres.write.1.tlog
C:\Users\mr.quang\Documents\Visual Studio 2010\Projects\khh\khh\Debug\link.3000.read.1.tlog
C:\Users\mr.quang\Documents\Visual Studio 2010\Projects\khh\khh\Debug\link.3000.write.1.tlog
C:\Users\mr.quang\Documents\Visual Studio 2010\Projects\khh\khh\Debug\link.3000-cvtres.read.1.tlog
C:\Users\mr.quang\Documents\Visual Studio 2010\Projects\khh\khh\Debug\link.3000-cvtres.write.1.tlog
C:\Users\mr.quang\Documents\Visual Studio 2010\Projects\khh\khh\Debug\link.3128.read.1.tlog
C:\Users\mr.quang\Documents\Visual Studio 2010\Projects\khh\khh\Debug\link.3128.write.1.tlog
C:\Users\mr.quang\Documents\Visual Studio 2010\Projects\khh\khh\Debug\link.3128-cvtres.read.1.tlog
C:\Users\mr.quang\Documents\Visual Studio 2010\Projects\khh\khh\Debug\link.3128-cvtres.write.1.tlog
C:\Users\mr.quang\Documents\Visual Studio 2010\Projects\khh\khh\Debug\link.3240.read.1.tlog
C:\Users\mr.quang\Documents\Visual Studio 2010\Projects\khh\khh\Debug\link.3240.write.1.tlog
C:\Users\mr.quang\Documents\Visual Studio 2010\Projects\khh\khh\Debug\link.3240-cvtres.read.1.tlog
C:\Users\mr.quang\Documents\Visual Studio 2010\Projects\khh\khh\Debug\link.3240-cvtres.write.1.tlog
C:\Users\mr.quang\Documents\Visual Studio 2010\Projects\khh\khh\Debug\link.3248.read.1.tlog
C:\Users\mr.quang\Documents\Visual Studio 2010\Projects\khh\khh\Debug\link.3248.write.1.tlog
C:\Users\mr.quang\Documents\Visual Studio 2010\Projects\khh\khh\Debug\link.3248-cvtres.read.1.tlog
C:\Users\mr.quang\Documents\Visual Studio 2010\Projects\khh\khh\Debug\link.3248-cvtres.write.1.tlog
C:\Users\mr.quang\Documents\Visual Studio 2010\Projects\khh\khh\Debug\link.328.read.1.tlog
C:\Users\mr.quang\Documents\Visual Studio 2010\Projects\khh\khh\Debug\link.328.write.1.tlog
C:\Users\mr.quang\Documents\Visual Studio 2010\Projects\khh\khh\Debug\link.328-cvtres.read.1.tlog
C:\Users\mr.quang\Documents\Visual Studio 2010\Projects\khh\khh\Debug\link.328-cvtres.write.1.tlog
C:\Users\mr.quang\Documents\Visual Studio 2010\Projects\khh\khh\Debug\link.3364.read.1.tlog
C:\Users\mr.quang\Documents\Visual Studio 2010\Projects\khh\khh\Debug\link.3364.write.1.tlog
C:\Users\mr.quang\Documents\Visual Studio 2010\Projects\khh\khh\Debug\link.3364-cvtres.read.1.tlog
C:\Users\mr.quang\Documents\Visual Studio 2010\Projects\khh\khh\Debug\link.3364-cvtres.write.1.tlog
C:\Users\mr.quang\Documents\Visual Studio 2010\Projects\khh\khh\Debug\link.3400.read.1.tlog
C:\Users\mr.quang\Documents\Visual Studio 2010\Projects\khh\khh\Debug\link.3400.write.1.tlog
C:\Users\mr.quang\Documents\Visual Studio 2010\Projects\khh\khh\Debug\link.3400-cvtres.read.1.tlog
C:\Users\mr.quang\Documents\Visual Studio 2010\Projects\khh\khh\Debug\link.3400-cvtres.write.1.tlog
C:\Users\mr.quang\Documents\Visual Studio 2010\Projects\khh\khh\Debug\link.3520.read.1.tlog
C:\Users\mr.quang\Documents\Visual Studio 2010\Projects\khh\khh\Debug\link.3520.write.1.tlog
C:\Users\mr.quang\Documents\Visual Studio 2010\Projects\khh\khh\Debug\link.3520-cvtres.read.1.tlog
C:\Users\mr.quang\Documents\Visual Studio 2010\Projects\khh\khh\Debug\link.3520-cvtres.write.1.tlog
C:\Users\mr.quang\Documents\Visual Studio 2010\Projects\khh\khh\Debug\link.3668.read.1.tlog
C:\Users\mr.quang\Documents\Visual Studio 2010\Projects\khh\khh\Debug\link.3668.write.1.tlog
C:\Users\mr.quang\Documents\Visual Studio 2010\Projects\khh\khh\Debug\link.3668-cvtres.read.1.tlog
C:\Users\mr.quang\Documents\Visual Studio 2010\Projects\khh\khh\Debug\link.3668-cvtres.write.1.tlog
C:\Users\mr.quang\Documents\Visual Studio 2010\Projects\khh\khh\Debug\link.3760.read.1.tlog
C:\Users\mr.quang\Documents\Visual Studio 2010\Projects\khh\khh\Debug\link.3760.write.1.tlog
C:\Users\mr.quang\Documents\Visual Studio 2010\Projects\khh\khh\Debug\link.3760-cvtres.read.1.tlog
C:\Users\mr.quang\Documents\Visual Studio 2010\Projects\khh\khh\Debug\link.3760-cvtres.write.1.tlog
C:\Users\mr.quang\Documents\Visual Studio 2010\Projects\khh\khh\Debug\link.3836.read.1.tlog
C:\Users\mr.quang\Documents\Visual Studio 2010\Projects\khh\khh\Debug\link.3836.write.1.tlog
C:\Users\mr.quang\Documents\Visual Studio 2010\Projects\khh\khh\Debug\link.3836-cvtres.read.1.tlog
C:\Users\mr.quang\Documents\Visual Studio 2010\Projects\khh\khh\Debug\link.3836-cvtres.write.1.tlog
C:\Users\mr.quang\Documents\Visual Studio 2010\Projects\khh\khh\Debug\link.3892.read.1.tlog
C:\Users\mr.quang\Documents\Visual Studio 2010\Projects\khh\khh\Debug\link.3892.write.1.tlog
C:\Users\mr.quang\Documents\Visual Studio 2010\Projects\khh\khh\Debug\link.3892-cvtres.read.1.tlog
C:\Users\mr.quang\Documents\Visual Studio 2010\Projects\khh\khh\Debug\link.3892-cvtres.write.1.tlog
C:\Users\mr.quang\Documents\Visual Studio 2010\Projects\khh\khh\Debug\link.4332.read.1.tlog
C:\Users\mr.quang\Documents\Visual Studio 2010\Projects\khh\khh\Debug\link.4332.write.1.tlog
C:\Users\mr.quang\Documents\Visual Studio 2010\Projects\khh\khh\Debug\link.4332-cvtres.read.1.tlog
C:\Users\mr.quang\Documents\Visual Studio 2010\Projects\khh\khh\Debug\link.4332-cvtres.write.1.tlog
C:\Users\mr.quang\Documents\Visual Studio 2010\Projects\khh\khh\Debug\link.4340.read.1.tlog
C:\Users\mr.quang\Documents\Visual Studio 2010\Projects\khh\khh\Debug\link.4340.write.1.tlog
C:\Users\mr.quang\Documents\Visual Studio 2010\Projects\khh\khh\Debug\link.4340-cvtres.read.1.tlog
C:\Users\mr.quang\Documents\Visual Studio 2010\Projects\khh\khh\Debug\link.4340-cvtres.write.1.tlog
C:\Users\mr.quang\Documents\Visual Studio 2010\Projects\khh\khh\Debug\link.4480.read.1.tlog
C:\Users\mr.quang\Documents\Visual Studio 2010\Projects\khh\khh\Debug\link.4480.write.1.tlog
C:\Users\mr.quang\Documents\Visual Studio 2010\Projects\khh\khh\Debug\link.4480-cvtres.read.1.tlog
C:\Users\mr.quang\Documents\Visual Studio 2010\Projects\khh\khh\Debug\link.4480-cvtres.write.1.tlog
C:\Users\mr.quang\Documents\Visual Studio 2010\Projects\khh\khh\Debug\link.4488.read.1.tlog
C:\Users\mr.quang\Documents\Visual Studio 2010\Projects\khh\khh\Debug\link.4488.write.1.tlog
C:\Users\mr.quang\Documents\Visual Studio 2010\Projects\khh\khh\Debug\link.4488-cvtres.read.1.tlog
C:\Users\mr.quang\Documents\Visual Studio 2010\Projects\khh\khh\Debug\link.4488-cvtres.write.1.tlog
C:\Users\mr.quang\Documents\Visual Studio 2010\Projects\khh\khh\Debug\link.4584.read.1.tlog
C:\Users\mr.quang\Documents\Visual Studio 2010\Projects\khh\khh\Debug\link.4584.write.1.tlog
C:\Users\mr.quang\Documents\Visual Studio 2010\Projects\khh\khh\Debug\link.4584-cvtres.read.1.tlog
C:\Users\mr.quang\Documents\Visual Studio 2010\Projects\khh\khh\Debug\link.4584-cvtres.write.1.tlog
C:\Users\mr.quang\Documents\Visual Studio 2010\Projects\khh\khh\Debug\link.4632.read.1.tlog
C:\Users\mr.quang\Documents\Visual Studio 2010\Projects\khh\khh\Debug\link.4632.write.1.tlog
C:\Users\mr.quang\Documents\Visual Studio 2010\Projects\khh\khh\Debug\link.4632-cvtres.read.1.tlog
C:\Users\mr.quang\Documents\Visual Studio 2010\Projects\khh\khh\Debug\link.4632-cvtres.write.1.tlog
C:\Users\mr.quang\Documents\Visual Studio 2010\Projects\khh\khh\Debug\link.4644.read.1.tlog
C:\Users\mr.quang\Documents\Visual Studio 2010\Projects\khh\khh\Debug\link.4644.write.1.tlog
C:\Users\mr.quang\Documents\Visual Studio 2010\Projects\khh\khh\Debug\link.4644-cvtres.read.1.tlog
C:\Users\mr.quang\Documents\Visual Studio 2010\Projects\khh\khh\Debug\link.4644-cvtres.write.1.tlog
C:\Users\mr.quang\Documents\Visual Studio 2010\Projects\khh\khh\Debug\link.4652.read.1.tlog
C:\Users\mr.quang\Documents\Visual Studio 2010\Projects\khh\khh\Debug\link.4652.write.1.tlog
C:\Users\mr.quang\Documents\Visual Studio 2010\Projects\khh\khh\Debug\link.4652-cvtres.read.1.tlog
C:\Users\mr.quang\Documents\Visual Studio 2010\Projects\khh\khh\Debug\link.4652-cvtres.write.1.tlog
C:\Users\mr.quang\Documents\Visual Studio 2010\Projects\khh\khh\Debug\link.4704.read.1.tlog
C:\Users\mr.quang\Documents\Visual Studio 2010\Projects\khh\khh\Debug\link.4704.write.1.tlog
C:\Users\mr.quang\Documents\Visual Studio 2010\Projects\khh\khh\Debug\link.4704-cvtres.read.1.tlog
C:\Users\mr.quang\Documents\Visual Studio 2010\Projects\khh\khh\Debug\link.4704-cvtres.write.1.tlog
C:\Users\mr.quang\Documents\Visual Studio 2010\Projects\khh\khh\Debug\link.4940.read.1.tlog
C:\Users\mr.quang\Documents\Visual Studio 2010\Projects\khh\khh\Debug\link.4940.write.1.tlog
C:\Users\mr.quang\Documents\Visual Studio 2010\Projects\khh\khh\Debug\link.4940-cvtres.read.1.tlog
C:\Users\mr.quang\Documents\Visual Studio 2010\Projects\khh\khh\Debug\link.4940-cvtres.write.1.tlog
C:\Users\mr.quang\Documents\Visual Studio 2010\Projects\khh\khh\Debug\link.4964.read.1.tlog
C:\Users\mr.quang\Documents\Visual Studio 2010\Projects\khh\khh\Debug\link.4964.write.1.tlog
C:\Users\mr.quang\Documents\Visual Studio 2010\Projects\khh\khh\Debug\link.4964-cvtres.read.1.tlog
C:\Users\mr.quang\Documents\Visual Studio 2010\Projects\khh\khh\Debug\link.4964-cvtres.write.1.tlog
C:\Users\mr.quang\Documents\Visual Studio 2010\Projects\khh\khh\Debug\link.716.read.1.tlog
C:\Users\mr.quang\Documents\Visual Studio 2010\Projects\khh\khh\Debug\link.716.write.1.tlog
C:\Users\mr.quang\Documents\Visual Studio 2010\Projects\khh\khh\Debug\link.716-cvtres.read.1.tlog
C:\Users\mr.quang\Documents\Visual Studio 2010\Projects\khh\khh\Debug\link.716-cvtres.write.1.tlog
C:\Users\mr.quang\Documents\Visual Studio 2010\Projects\khh\khh\Debug\link.820.read.1.tlog
C:\Users\mr.quang\Documents\Visual Studio 2010\Projects\khh\khh\Debug\link.820.write.1.tlog
C:\Users\mr.quang\Documents\Visual Studio 2010\Projects\khh\khh\Debug\link.820-cvtres.read.1.tlog
C:\Users\mr.quang\Documents\Visual Studio 2010\Projects\khh\khh\Debug\link.820-cvtres.write.1.tlog
C:\Users\mr.quang\Documents\Visual Studio 2010\Projects\khh\khh\Debug\link.824.read.1.tlog
C:\Users\mr.quang\Documents\Visual Studio 2010\Projects\khh\khh\Debug\link.824.write.1.tlog
C:\Users\mr.quang\Documents\Visual Studio 2010\Projects\khh\khh\Debug\link.824-cvtres.read.1.tlog
C:\Users\mr.quang\Documents\Visual Studio 2010\Projects\khh\khh\Debug\link.824-cvtres.write.1.tlog
C:\Users\mr.quang\Documents\Visual Studio 2010\Projects\khh\khh\Debug\link.command.1.tlog
C:\Users\mr.quang\Documents\Visual Studio 2010\Projects\khh\khh\Debug\link.read.1.tlog
C:\Users\mr.quang\Documents\Visual Studio 2010\Projects\khh\khh\Debug\link.write.1.tlog
C:\Users\mr.quang\Documents\Visual Studio 2010\Projects\khh\khh\Debug\mt.command.1.tlog
C:\Users\mr.quang\Documents\Visual Studio 2010\Projects\khh\khh\Debug\mt.read.1.tlog
C:\Users\mr.quang\Documents\Visual Studio 2010\Projects\khh\khh\Debug\mt.write.1.tlog
C:\USERS\MR.QUANG\DOCUMENTS\VISUAL STUDIO 2010\PROJECTS\KHH\KHH\DEBUG\PATTERNMATCHER.OBJ
C:\Users\mr.quang\Documents\Visual Studio 2010\Projects\khh\khh\Debug\rc.command.1.tlog
C:\Users\mr.quang\Documents\Visual Studio 2010\Projects\khh\khh\Debug\rc.read.1.tlog
C:\Users\mr.quang\Documents\Visual Studio 2010\Projects\khh\khh\Debug\rc.write.1.tlog
C:\USERS\MR.QUANG\DOCUMENTS\VISUAL STUDIO 2010\PROJECTS\KHH\KHH\DEBUG\STDAFX.OBJ
C:\USERS\MR.QUANG\DOCUMENTS\VISUAL STUDIO 2010\PROJECTS\KHH\KHH\DEBUG\VC100.PDB
